<?xml version="1.0" encoding="UTF-8"?>
<!-- Generated by org.testng.reporters.JUnitReportReporter -->
<testsuite hostname="DESKTOP-R7F4RG8" failures="0" tests="2" name="Herokuapp.Tests.LoginLogout" time="9.025" errors="0" timestamp="2023-08-06T22:31:55 IST" skipped="0">
  <testcase classname="Herokuapp.Tests.LoginLogout" name="logout" time="0.957"/>
  <system-out/>
  <testcase classname="Herokuapp.Tests.LoginLogout" name="login" time="8.068"/>
  <system-out/>
</testsuite> <!-- Herokuapp.Tests.LoginLogout -->
