<?xml version="1.0" encoding="UTF-8"?>
<!-- Generated by org.testng.reporters.JUnitReportReporter -->
<testsuite hostname="DESKTOP-R7F4RG8" failures="0" tests="2" name="Herokuapp.Tests.BookAppointment" time="11.081" errors="0" timestamp="2023-08-06T22:11:55 IST" skipped="0">
  <testcase classname="Herokuapp.Tests.BookAppointment" name="bookAppointment" time="10.483"/>
  <system-out/>
  <testcase classname="Herokuapp.Tests.BookAppointment" name="goToHomePage" time="0.598"/>
  <system-out/>
</testsuite> <!-- Herokuapp.Tests.BookAppointment -->
