<?xml version="1.0" encoding="UTF-8"?>
<!-- Generated by org.testng.reporters.JUnitReportReporter -->
<testsuite hostname="DESKTOP-R7F4RG8" failures="0" tests="2" name="Herokuapp.Katalon.LoginLogout2" time="8.741" errors="0" timestamp="2023-08-06T15:51:05 IST" skipped="0">
  <testcase classname="Herokuapp.Katalon.LoginLogout2" name="logout" time="0.876"/>
  <system-out/>
  <testcase classname="Herokuapp.Katalon.LoginLogout2" name="login" time="7.865"/>
  <system-out/>
</testsuite> <!-- Herokuapp.Katalon.LoginLogout2 -->
