<?xml version="1.0" encoding="UTF-8"?>
<!-- Generated by org.testng.reporters.JUnitReportReporter -->
<testsuite hostname="DESKTOP-R7F4RG8" failures="0" tests="2" name="Herokuapp.Katalon.Depends" time="0.108" errors="0" timestamp="2023-08-06T14:30:39 IST" skipped="0">
  <testcase classname="Herokuapp.Katalon.Depends" name="parentTest" time="0.100"/>
  <system-out/>
  <testcase classname="Herokuapp.Katalon.Depends" name="dependentTest" time="0.008"/>
  <system-out/>
</testsuite> <!-- Herokuapp.Katalon.Depends -->
